# JRE version: OpenJDK Runtime Environment (10.0.2+13) (build 10.0.2+13-Ubuntu-1ubuntu0.18.04.4)
# Java VM: OpenJDK 64-Bit Server VM (10.0.2+13-Ubuntu-1ubuntu0.18.04.4, mixed mode, tiered, compressed oops, serial gc, linux-amd64)
Heap:
 def new generation   total 69696K, used 0K [0x00000000e0c00000, 0x00000000e5790000, 0x00000000eb2a0000)
  eden space 62016K,   0% used [0x00000000e0c00000, 0x00000000e0c00000, 0x00000000e4890000)
  from space 7680K,   0% used [0x00000000e5010000, 0x00000000e5010000, 0x00000000e5790000)
  to   space 7680K,   0% used [0x00000000e4890000, 0x00000000e4890000, 0x00000000e5010000)
 tenured generation   total 154632K, used 78841K [0x00000000eb2a0000, 0x00000000f49a2000, 0x0000000100000000)
   the space 154632K,  50% used [0x00000000eb2a0000, 0x00000000eff9e548, 0x00000000eff9e600, 0x00000000f49a2000)
 Metaspace       used 21679K, capacity 22260K, committed 22400K, reserved 1069056K
  class space    used 2215K, capacity 2426K, committed 2432K, reserved 1048576K
GC Heap History (10 events):
Event: 11,893 GC heap before
{Heap before GC invocations=21 (full 4):
 def new generation   total 36480K, used 8403K [0x00000000e0c00000, 0x00000000e3390000, 0x00000000eb2a0000)
  eden space 32448K,  25% used [0x00000000e0c00000, 0x00000000e1434f48, 0x00000000e2bb0000)
  from space 4032K,   0% used [0x00000000e2bb0000, 0x00000000e2bb0000, 0x00000000e2fa0000)
  to   space 4032K,   0% used [0x00000000e2fa0000, 0x00000000e2fa0000, 0x00000000e3390000)
 tenured generation   total 80900K, used 60409K [0x00000000eb2a0000, 0x00000000f01a1000, 0x0000000100000000)
   the space 80900K,  74% used [0x00000000eb2a0000, 0x00000000eed9e558, 0x00000000eed9e600, 0x00000000f01a1000)
 Metaspace       used 21679K, capacity 22260K, committed 22400K, reserved 1069056K
  class space    used 2215K, capacity 2426K, committed 2432K, reserved 1048576K
}
Event: 11,982 GC heap after
{Heap after GC invocations=22 (full 5):
 def new generation   total 36480K, used 0K [0x00000000e0c00000, 0x00000000e3390000, 0x00000000eb2a0000)
  eden space 32448K,   0% used [0x00000000e0c00000, 0x00000000e0c00000, 0x00000000e2bb0000)
  from space 4032K,   0% used [0x00000000e2fa0000, 0x00000000e2fa0000, 0x00000000e3390000)
  to   space 4032K,   0% used [0x00000000e2bb0000, 0x00000000e2bb0000, 0x00000000e2fa0000)
 tenured generation   total 80900K, used 41977K [0x00000000eb2a0000, 0x00000000f01a1000, 0x0000000100000000)
   the space 80900K,  51% used [0x00000000eb2a0000, 0x00000000edb9e548, 0x00000000edb9e600, 0x00000000f01a1000)
 Metaspace       used 21679K, capacity 22260K, committed 22400K, reserved 1069056K
  class space    used 2215K, capacity 2426K, committed 2432K, reserved 1048576K
}
Event: 12,383 GC heap before
{Heap before GC invocations=22 (full 5):
 def new generation   total 36480K, used 32448K [0x00000000e0c00000, 0x00000000e3390000, 0x00000000eb2a0000)
  eden space 32448K, 100% used [0x00000000e0c00000, 0x00000000e2bb0000, 0x00000000e2bb0000)
  from space 4032K,   0% used [0x00000000e2fa0000, 0x00000000e2fa0000, 0x00000000e3390000)
  to   space 4032K,   0% used [0x00000000e2bb0000, 0x00000000e2bb0000, 0x00000000e2fa0000)
 tenured generation   total 154632K, used 115705K [0x00000000eb2a0000, 0x00000000f49a2000, 0x0000000100000000)
   the space 154632K,  74% used [0x00000000eb2a0000, 0x00000000f239e558, 0x00000000f239e600, 0x00000000f49a2000)
 Metaspace       used 21679K, capacity 22260K, committed 22400K, reserved 1069056K
  class space    used 2215K, capacity 2426K, committed 2432K, reserved 1048576K
}
Event: 12,384 GC heap after
{Heap after GC invocations=23 (full 5):
 def new generation   total 36480K, used 0K [0x00000000e0c00000, 0x00000000e3390000, 0x00000000eb2a0000)
  eden space 32448K,   0% used [0x00000000e0c00000, 0x00000000e0c00000, 0x00000000e2bb0000)
  from space 4032K,   0% used [0x00000000e2bb0000, 0x00000000e2bb0020, 0x00000000e2fa0000)
  to   space 4032K,   0% used [0x00000000e2fa0000, 0x00000000e2fa0000, 0x00000000e3390000)
 tenured generation   total 154632K, used 115705K [0x00000000eb2a0000, 0x00000000f49a2000, 0x0000000100000000)
   the space 154632K,  74% used [0x00000000eb2a0000, 0x00000000f239e558, 0x00000000f239e600, 0x00000000f49a2000)
 Metaspace       used 21679K, capacity 22260K, committed 22400K, reserved 1069056K
  class space    used 2215K, capacity 2426K, committed 2432K, reserved 1048576K
}
Event: 12,519 GC heap before
{Heap before GC invocations=23 (full 5):
 def new generation   total 36480K, used 32448K [0x00000000e0c00000, 0x00000000e3390000, 0x00000000eb2a0000)
  eden space 32448K, 100% used [0x00000000e0c00000, 0x00000000e2bb0000, 0x00000000e2bb0000)
  from space 4032K,   0% used [0x00000000e2bb0000, 0x00000000e2bb0020, 0x00000000e2fa0000)
  to   space 4032K,   0% used [0x00000000e2fa0000, 0x00000000e2fa0000, 0x00000000e3390000)
 tenured generation   total 154632K, used 115705K [0x00000000eb2a0000, 0x00000000f49a2000, 0x0000000100000000)
   the space 154632K,  74% used [0x00000000eb2a0000, 0x00000000f239e558, 0x00000000f239e600, 0x00000000f49a2000)
 Metaspace       used 21679K, capacity 22260K, committed 22400K, reserved 1069056K
  class space    used 2215K, capacity 2426K, committed 2432K, reserved 1048576K
}
Event: 12,521 GC heap after
{Heap after GC invocations=24 (full 5):
 def new generation   total 36480K, used 0K [0x00000000e0c00000, 0x00000000e3390000, 0x00000000eb2a0000)
  eden space 32448K,   0% used [0x00000000e0c00000, 0x00000000e0c00000, 0x00000000e2bb0000)
  from space 4032K,   0% used [0x00000000e2fa0000, 0x00000000e2fa0020, 0x00000000e3390000)
  to   space 4032K,   0% used [0x00000000e2bb0000, 0x00000000e2bb0000, 0x00000000e2fa0000)
 tenured generation   total 154632K, used 115705K [0x00000000eb2a0000, 0x00000000f49a2000, 0x0000000100000000)
   the space 154632K,  74% used [0x00000000eb2a0000, 0x00000000f239e558, 0x00000000f239e600, 0x00000000f49a2000)
 Metaspace       used 21679K, capacity 22260K, committed 22400K, reserved 1069056K
  class space    used 2215K, capacity 2426K, committed 2432K, reserved 1048576K
}
Event: 12,627 GC heap before
{Heap before GC invocations=24 (full 5):
 def new generation   total 36480K, used 32448K [0x00000000e0c00000, 0x00000000e3390000, 0x00000000eb2a0000)
  eden space 32448K, 100% used [0x00000000e0c00000, 0x00000000e2bb0000, 0x00000000e2bb0000)
  from space 4032K,   0% used [0x00000000e2fa0000, 0x00000000e2fa0020, 0x00000000e3390000)
  to   space 4032K,   0% used [0x00000000e2bb0000, 0x00000000e2bb0000, 0x00000000e2fa0000)
 tenured generation   total 154632K, used 115705K [0x00000000eb2a0000, 0x00000000f49a2000, 0x0000000100000000)
   the space 154632K,  74% used [0x00000000eb2a0000, 0x00000000f239e558, 0x00000000f239e600, 0x00000000f49a2000)
 Metaspace       used 21679K, capacity 22260K, committed 22400K, reserved 1069056K
  class space    used 2215K, capacity 2426K, committed 2432K, reserved 1048576K
}
Event: 12,629 GC heap after
{Heap after GC invocations=25 (full 5):
 def new generation   total 69696K, used 0K [0x00000000e0c00000, 0x00000000e5790000, 0x00000000eb2a0000)
  eden space 62016K,   0% used [0x00000000e0c00000, 0x00000000e0c00000, 0x00000000e4890000)
  from space 7680K,   0% used [0x00000000e4890000, 0x00000000e4890000, 0x00000000e5010000)
  to   space 7680K,   0% used [0x00000000e5010000, 0x00000000e5010000, 0x00000000e5790000)
 tenured generation   total 154632K, used 115705K [0x00000000eb2a0000, 0x00000000f49a2000, 0x0000000100000000)
   the space 154632K,  74% used [0x00000000eb2a0000, 0x00000000f239e558, 0x00000000f239e600, 0x00000000f49a2000)
 Metaspace       used 21679K, capacity 22260K, committed 22400K, reserved 1069056K
  class space    used 2215K, capacity 2426K, committed 2432K, reserved 1048576K
}
Event: 12,924 GC heap before
{Heap before GC invocations=25 (full 5):
 def new generation   total 69696K, used 60679K [0x00000000e0c00000, 0x00000000e5790000, 0x00000000eb2a0000)
  eden space 62016K,  97% used [0x00000000e0c00000, 0x00000000e4741e90, 0x00000000e4890000)
  from space 7680K,   0% used [0x00000000e4890000, 0x00000000e4890000, 0x00000000e5010000)
  to   space 7680K,   0% used [0x00000000e5010000, 0x00000000e5010000, 0x00000000e5790000)
 tenured generation   total 154632K, used 115705K [0x00000000eb2a0000, 0x00000000f49a2000, 0x0000000100000000)
   the space 154632K,  74% used [0x00000000eb2a0000, 0x00000000f239e558, 0x00000000f239e600, 0x00000000f49a2000)
 Metaspace       used 21679K, capacity 22260K, committed 22400K, reserved 1069056K
  class space    used 2215K, capacity 2426K, committed 2432K, reserved 1048576K
}
Event: 13,049 GC heap after
{Heap after GC invocations=26 (full 6):
 def new generation   total 69696K, used 0K [0x00000000e0c00000, 0x00000000e5790000, 0x00000000eb2a0000)
  eden space 62016K,   0% used [0x00000000e0c00000, 0x00000000e0c00000, 0x00000000e4890000)
  from space 7680K,   0% used [0x00000000e5010000, 0x00000000e5010000, 0x00000000e5790000)
  to   space 7680K,   0% used [0x00000000e4890000, 0x00000000e4890000, 0x00000000e5010000)
 tenured generation   total 154632K, used 78841K [0x00000000eb2a0000, 0x00000000f49a2000, 0x0000000100000000)
   the space 154632K,  50% used [0x00000000eb2a0000, 0x00000000eff9e548, 0x00000000eff9e600, 0x00000000f49a2000)
 Metaspace       used 21679K, capacity 22260K, committed 22400K, reserved 1069056K
  class space    used 2215K, capacity 2426K, committed 2432K, reserved 1048576K
}

